[22:00:28] DeepAR.Train: Using Cuda...
[22:00:58] DeepAR.Train: Using Cuda...
[22:05:57] DeepAR.Train: Using Cuda...
[22:05:58] DeepAR.Data: Loading the datasets...
[22:14:22] DeepAR.Train: Using Cuda...
[22:14:24] DeepAR.Data: Loading the datasets...
[22:16:46] DeepAR.Train: Using Cuda...
[22:16:47] DeepAR.Data: Loading the datasets...
[22:16:47] DeepAR.Data: Building datasets from data/Zone1...
[22:16:47] DeepAR.Data: train_len: 11557
[22:16:47] DeepAR.Data: vali_len: 2197
[22:16:47] DeepAR.Data: test_len: 3661
[22:16:47] DeepAR.Data: Data loading complete.
[22:16:47] DeepAR.Data: ###############################################

[22:16:47] DeepAR.Train: Model: 
Net(
  (lstm): LSTM(7, 32, num_layers=2, dropout=0.1)
  (beta_n1): Linear(in_features=64, out_features=1, bias=True)
  (pre_beta_1): Linear(in_features=64, out_features=1, bias=True)
  (pre_sigma): Linear(in_features=64, out_features=20, bias=True)
  (pre_gamma): Linear(in_features=64, out_features=20, bias=True)
  (sigma): Softmax(dim=1)
  (gamma): Softplus(beta=1, threshold=20)
  (beta_1): Softplus(beta=1, threshold=20)
)
[22:16:47] DeepAR.Train: ###############################################

[22:16:47] DeepAR.Train: Starting training for 50 epoch(s)
[22:18:22] DeepAR.Train: Using Cuda...
[22:18:23] DeepAR.Data: Loading the datasets...
[22:18:23] DeepAR.Data: Building datasets from data/Zone1...
[22:18:23] DeepAR.Data: train_len: 11557
[22:18:23] DeepAR.Data: vali_len: 2197
[22:18:23] DeepAR.Data: test_len: 3661
[22:18:23] DeepAR.Data: Data loading complete.
[22:18:23] DeepAR.Data: ###############################################

[22:18:23] DeepAR.Train: Model: 
Net(
  (lstm): LSTM(7, 32, num_layers=2, dropout=0.1)
  (beta_n1): Linear(in_features=64, out_features=1, bias=True)
  (pre_beta_1): Linear(in_features=64, out_features=1, bias=True)
  (pre_sigma): Linear(in_features=64, out_features=20, bias=True)
  (pre_gamma): Linear(in_features=64, out_features=20, bias=True)
  (sigma): Softmax(dim=1)
  (gamma): Softplus(beta=1, threshold=20)
  (beta_1): Softplus(beta=1, threshold=20)
)
[22:18:23] DeepAR.Train: ###############################################

[22:18:23] DeepAR.Train: Starting training for 50 epoch(s)
[22:18:23] DeepAR.Train: Begin training and evaluation
[22:18:23] DeepAR.Train: ----------------------------------------------

[22:18:23] DeepAR.Train: Epoch 1/50
[22:18:23] DeepAR.Train: learning rate is: 0.001
[22:26:40] DeepAR.Train: Using Cuda...
[22:26:41] DeepAR.Data: Loading the datasets...
[22:26:41] DeepAR.Data: Building datasets from data/Zone1...
[22:26:41] DeepAR.Data: train_len: 11557
[22:26:42] DeepAR.Data: vali_len: 2197
[22:26:42] DeepAR.Data: test_len: 3661
[22:26:42] DeepAR.Data: Data loading complete.
[22:26:42] DeepAR.Data: ###############################################

[22:26:42] DeepAR.Train: Model: 
Net(
  (lstm): LSTM(7, 32, num_layers=2, dropout=0.1)
  (beta_n1): Linear(in_features=64, out_features=1, bias=True)
  (pre_beta_1): Linear(in_features=64, out_features=1, bias=True)
  (pre_sigma): Linear(in_features=64, out_features=20, bias=True)
  (pre_gamma): Linear(in_features=64, out_features=20, bias=True)
  (sigma): Softmax(dim=1)
  (gamma): Softplus(beta=1, threshold=20)
  (beta_1): Softplus(beta=1, threshold=20)
)
[22:26:42] DeepAR.Train: ###############################################

[22:26:42] DeepAR.Train: Starting training for 50 epoch(s)
[22:26:42] DeepAR.Train: Begin training and evaluation
[22:26:42] DeepAR.Train: ----------------------------------------------

[22:26:42] DeepAR.Train: Epoch 1/50
[22:26:42] DeepAR.Train: learning rate is: 0.001
[22:35:37] DeepAR.Eval: - Full test metrics: 
CRPS: tensor([0.0581, 0.0751, 0.0835, 0.0887, 0.0917, 0.0931, 0.0937, 0.0940, 0.0944,
        0.0939, 0.0942, 0.0943], device='cuda:0')
mre:0.2528030574321747
PINAW:0.31446295976638794
[22:35:37] DeepAR.Utils: Checkpoint saved to example_model/epochs/last.pth.tar
[22:35:37] DeepAR.Train: ####Found new best CRPS
[22:35:37] DeepAR.Train: Current Best CRPS is: 0.08789 of epoch 1
[22:35:37] DeepAR.Train: ----------------------------------------------

[22:35:37] DeepAR.Train: Epoch 2/50
[22:35:37] DeepAR.Train: learning rate is: 0.001
[22:44:30] DeepAR.Eval: - Full test metrics: 
CRPS: tensor([0.0443, 0.0628, 0.0697, 0.0721, 0.0725, 0.0727, 0.0731, 0.0731, 0.0728,
        0.0726, 0.0726, 0.0728], device='cuda:0')
mre:0.08548396825790405
PINAW:0.33607959747314453
[22:44:30] DeepAR.Utils: Checkpoint saved to example_model/epochs/last.pth.tar
[22:44:30] DeepAR.Train: ####Found new best CRPS
[22:44:30] DeepAR.Train: Current Best CRPS is: 0.06926 of epoch 2
[22:44:30] DeepAR.Train: ----------------------------------------------

[22:44:30] DeepAR.Train: Epoch 3/50
[22:44:30] DeepAR.Train: learning rate is: 0.001
[22:53:24] DeepAR.Eval: - Full test metrics: 
CRPS: tensor([0.0445, 0.0636, 0.0707, 0.0739, 0.0751, 0.0753, 0.0750, 0.0748, 0.0746,
        0.0741, 0.0741, 0.0743], device='cuda:0')
mre:0.11965178698301315
PINAW:0.35347414016723633
[22:53:24] DeepAR.Utils: Checkpoint saved to example_model/epochs/last.pth.tar
[22:53:24] DeepAR.Train: Current Best CRPS is: 0.06926 of epoch 2
[22:53:24] DeepAR.Train: ----------------------------------------------

[22:53:24] DeepAR.Train: Epoch 4/50
[22:53:24] DeepAR.Train: learning rate is: 0.001
[23:02:10] DeepAR.Eval: - Full test metrics: 
CRPS: tensor([0.0451, 0.0652, 0.0739, 0.0774, 0.0784, 0.0785, 0.0783, 0.0780, 0.0775,
        0.0772, 0.0769, 0.0769], device='cuda:0')
mre:0.17423191666603088
PINAW:0.3649483919143677
[23:02:10] DeepAR.Utils: Checkpoint saved to example_model/epochs/last.pth.tar
[23:02:10] DeepAR.Train: Current Best CRPS is: 0.06926 of epoch 2
[23:02:10] DeepAR.Train: ----------------------------------------------

[23:02:10] DeepAR.Train: Epoch 5/50
[23:02:10] DeepAR.Train: learning rate is: 0.001
[23:10:52] DeepAR.Eval: - Full test metrics: 
CRPS: tensor([0.0456, 0.0671, 0.0766, 0.0808, 0.0820, 0.0823, 0.0815, 0.0811, 0.0810,
        0.0801, 0.0799, 0.0800], device='cuda:0')
mre:0.21438133716583252
PINAW:0.37414735555648804
[23:10:52] DeepAR.Utils: Checkpoint saved to example_model/epochs/last.pth.tar
[23:10:52] DeepAR.Train: Current Best CRPS is: 0.06926 of epoch 2
[23:10:52] DeepAR.Train: ----------------------------------------------

[23:10:52] DeepAR.Train: Epoch 6/50
[23:10:52] DeepAR.Train: learning rate is: 0.001
[23:19:41] DeepAR.Eval: - Full test metrics: 
CRPS: tensor([0.0465, 0.0696, 0.0804, 0.0853, 0.0862, 0.0859, 0.0856, 0.0848, 0.0843,
        0.0841, 0.0842, 0.0840], device='cuda:0')
mre:0.24402403831481934
PINAW:0.38300201296806335
[23:19:41] DeepAR.Utils: Checkpoint saved to example_model/epochs/last.pth.tar
[23:19:41] DeepAR.Train: Current Best CRPS is: 0.06926 of epoch 2
[23:19:41] DeepAR.Train: ----------------------------------------------

[23:19:41] DeepAR.Train: Epoch 7/50
[23:19:41] DeepAR.Train: learning rate is: 0.001
[23:28:24] DeepAR.Eval: - Full test metrics: 
CRPS: tensor([0.0469, 0.0712, 0.0833, 0.0882, 0.0896, 0.0889, 0.0885, 0.0875, 0.0869,
        0.0868, 0.0862, 0.0863], device='cuda:0')
mre:0.26660215854644775
PINAW:0.3886743485927582
[23:28:24] DeepAR.Utils: Checkpoint saved to example_model/epochs/last.pth.tar
[23:28:24] DeepAR.Train: Current Best CRPS is: 0.06926 of epoch 2
[23:28:24] DeepAR.Train: ----------------------------------------------

[23:28:24] DeepAR.Train: Epoch 8/50
[23:28:24] DeepAR.Train: learning rate is: 0.001
[23:37:07] DeepAR.Eval: - Full test metrics: 
CRPS: tensor([0.0474, 0.0730, 0.0856, 0.0909, 0.0920, 0.0916, 0.0903, 0.0899, 0.0889,
        0.0880, 0.0878, 0.0877], device='cuda:0')
mre:0.2866826057434082
PINAW:0.39242860674858093
[23:37:07] DeepAR.Utils: Checkpoint saved to example_model/epochs/last.pth.tar
[23:37:07] DeepAR.Train: Current Best CRPS is: 0.06926 of epoch 2
[23:37:07] DeepAR.Train: ----------------------------------------------

[23:37:07] DeepAR.Train: Epoch 9/50
[23:37:07] DeepAR.Train: learning rate is: 0.001
[23:45:52] DeepAR.Eval: - Full test metrics: 
CRPS: tensor([0.0486, 0.0752, 0.0887, 0.0940, 0.0947, 0.0944, 0.0927, 0.0918, 0.0911,
        0.0907, 0.0904, 0.0902], device='cuda:0')
mre:0.30915263295173645
PINAW:0.39429259300231934
[23:45:52] DeepAR.Utils: Checkpoint saved to example_model/epochs/last.pth.tar
[23:45:52] DeepAR.Train: Current Best CRPS is: 0.06926 of epoch 2
[23:45:52] DeepAR.Train: ----------------------------------------------

[23:45:52] DeepAR.Train: Epoch 10/50
[23:45:52] DeepAR.Train: learning rate is: 0.001
[23:54:37] DeepAR.Eval: - Full test metrics: 
CRPS: tensor([0.0492, 0.0773, 0.0912, 0.0964, 0.0973, 0.0962, 0.0951, 0.0940, 0.0934,
        0.0926, 0.0923, 0.0919], device='cuda:0')
mre:0.32767221331596375
PINAW:0.3901239335536957
[23:54:37] DeepAR.Utils: Checkpoint saved to example_model/epochs/last.pth.tar
[23:54:37] DeepAR.Train: Current Best CRPS is: 0.06926 of epoch 2
[23:54:38] DeepAR.Train: ----------------------------------------------

[23:54:38] DeepAR.Train: Epoch 11/50
[23:54:38] DeepAR.Train: learning rate is: 0.001
[00:03:30] DeepAR.Eval: - Full test metrics: 
CRPS: tensor([0.0503, 0.0798, 0.0946, 0.1003, 0.1009, 0.0996, 0.0980, 0.0967, 0.0955,
        0.0943, 0.0940, 0.0942], device='cuda:0')
mre:0.3453630208969116
PINAW:0.3823264539241791
[00:03:30] DeepAR.Utils: Checkpoint saved to example_model/epochs/last.pth.tar
[00:03:30] DeepAR.Train: Current Best CRPS is: 0.06926 of epoch 2
[00:03:30] DeepAR.Train: ----------------------------------------------

[00:03:30] DeepAR.Train: Epoch 12/50
[00:03:30] DeepAR.Train: learning rate is: 0.001
[00:12:29] DeepAR.Eval: - Full test metrics: 
CRPS: tensor([0.0493, 0.0763, 0.0885, 0.0919, 0.0920, 0.0907, 0.0889, 0.0877, 0.0868,
        0.0861, 0.0858, 0.0856], device='cuda:0')
mre:0.3147815465927124
PINAW:0.3683560788631439
[00:12:29] DeepAR.Utils: Checkpoint saved to example_model/epochs/last.pth.tar
[00:12:29] DeepAR.Train: Current Best CRPS is: 0.06926 of epoch 2
[00:12:30] DeepAR.Train: ----------------------------------------------

[00:12:30] DeepAR.Train: Epoch 13/50
[00:12:30] DeepAR.Train: learning rate is: 0.001
[00:16:07] DeepAR.Train: Using Cuda...
[00:16:08] DeepAR.Data: Loading the datasets...
[00:16:08] DeepAR.Data: Building datasets from data/Zone1...
[00:16:08] DeepAR.Data: train_len: 11557
[00:16:08] DeepAR.Data: vali_len: 2197
[00:16:08] DeepAR.Data: test_len: 3661
[00:16:08] DeepAR.Data: Data loading complete.
[00:16:08] DeepAR.Data: ###############################################

[00:16:08] DeepAR.Train: Model: 
Net(
  (lstm): LSTM(7, 32, num_layers=2, dropout=0.1)
  (beta_n1): Linear(in_features=64, out_features=1, bias=True)
  (pre_beta_1): Linear(in_features=64, out_features=1, bias=True)
  (pre_sigma): Linear(in_features=64, out_features=20, bias=True)
  (pre_gamma): Linear(in_features=64, out_features=20, bias=True)
  (sigma): Softmax(dim=1)
  (gamma): Softplus(beta=1, threshold=20)
  (beta_1): Softplus(beta=1, threshold=20)
)
[00:16:08] DeepAR.Train: ###############################################

[00:16:08] DeepAR.Train: Starting training for 50 epoch(s)
[00:16:08] DeepAR.Train: Begin training and evaluation
[00:16:08] DeepAR.Train: ----------------------------------------------

[00:16:08] DeepAR.Train: Epoch 1/50
[00:16:08] DeepAR.Train: learning rate is: 0.001
